0 info it worked if it ends with ok
1 verbose cli [ 'node', '/usr/local/bin/npm', 'uninstall', 'uglify' ]
2 info using npm@1.4.28
3 info using node@v0.10.33
4 verbose node_modules/uglify unbuild
5 info preuninstall uglify@0.1.0
6 info uninstall uglify@0.1.0
7 verbose true,/Users/haopei/lab/workflow/node_modules,/Users/haopei/lab/workflow/node_modules unbuild uglify@0.1.0
8 verbose /Users/haopei/lab/workflow/node_modules/.bin,[object Object] binRoot
9 info postuninstall uglify@0.1.0
10 error Error: EACCES, unlink '/Users/haopei/lab/workflow/node_modules/uglify/node_modules/grunt/node_modules/.bin/cake'
10 error  { [Error: EACCES, unlink '/Users/haopei/lab/workflow/node_modules/uglify/node_modules/grunt/node_modules/.bin/cake']
10 error   errno: 3,
10 error   code: 'EACCES',
10 error   path: '/Users/haopei/lab/workflow/node_modules/uglify/node_modules/grunt/node_modules/.bin/cake' }
11 error Please try running this command again as root/Administrator.
12 error System Darwin 10.8.0
13 error command "node" "/usr/local/bin/npm" "uninstall" "uglify"
14 error cwd /Users/haopei/lab/workflow
15 error node -v v0.10.33
16 error npm -v 1.4.28
17 error path /Users/haopei/lab/workflow/node_modules/uglify/node_modules/grunt/node_modules/.bin/cake
18 error code EACCES
19 error errno 3
20 error stack Error: EACCES, unlink '/Users/haopei/lab/workflow/node_modules/uglify/node_modules/grunt/node_modules/.bin/cake'
21 verbose exit [ 3, true ]
